<?xml version="1.0" encoding="UTF-8" standalone="yes"?><!DOCTYPE report PUBLIC "-//JACOCO//DTD Report 1.1//EN" "report.dtd"><report name="Docs Core"><sessioninfo id="szyzbg-VMware-Virtual-Platform-f633b613" start="1745289983544" dump="1745289988226"/><sessioninfo id="szyzbg-VMware-Virtual-Platform-c3c74866" start="1745289988470" dump="1745289989129"/><sessioninfo id="szyzbg-VMware-Virtual-Platform-ebbf23e0" start="1745289989296" dump="1745290043352"/><sessioninfo id="szyzbg-VMware-Virtual-Platform-e9556b61" start="1745290043634" dump="1745290047455"/><sessioninfo id="szyzbg-VMware-Virtual-Platform-59bb446a" start="1745290047673" dump="1745290051507"/><sessioninfo id="szyzbg-VMware-Virtual-Platform-95386976" start="1745290051718" dump="1745290052002"/><sessioninfo id="szyzbg-VMware-Virtual-Platform-ea241f95" start="1745290052157" dump="1745290052460"/><sessioninfo id="szyzbg-VMware-Virtual-Platform-a0934044" start="1745290052601" dump="1745290052953"/><sessioninfo id="szyzbg-VMware-Virtual-Platform-6fa158f5" start="1745290053106" dump="1745290053451"/><sessioninfo id="szyzbg-VMware-Virtual-Platform-ddfe79be" start="1745290053595" dump="1745290053904"/><sessioninfo id="szyzbg-VMware-Virtual-Platform-3cbfd2c8" start="1745290054084" dump="1745290054371"/><sessioninfo id="szyzbg-VMware-Virtual-Platform-e558dc47" start="1745290054513" dump="1745290099050"/></report>