<?xml version="1.0" encoding="UTF-8" standalone="yes"?><!DOCTYPE report PUBLIC "-//JACOCO//DTD Report 1.1//EN" "report.dtd"><report name="Docs Core"><sessioninfo id="szyzbg-VMware-Virtual-Platform-1fd2dd37" start="1745895693319" dump="1745895698092"/><sessioninfo id="szyzbg-VMware-Virtual-Platform-fe510f89" start="1745895698360" dump="1745895699055"/><sessioninfo id="szyzbg-VMware-Virtual-Platform-b63fdecb" start="1745895699217" dump="1745895708965"/><sessioninfo id="szyzbg-VMware-Virtual-Platform-cf8ecc14" start="1745895709256" dump="1745895713413"/><sessioninfo id="szyzbg-VMware-Virtual-Platform-ee8972b8" start="1745895713658" dump="1745895717765"/><sessioninfo id="szyzbg-VMware-Virtual-Platform-1a8df4a7" start="1745895717997" dump="1745895718298"/><sessioninfo id="szyzbg-VMware-Virtual-Platform-8790af1b" start="1745895718446" dump="1745895718760"/><sessioninfo id="szyzbg-VMware-Virtual-Platform-c7a24329" start="1745895718910" dump="1745895719280"/><sessioninfo id="szyzbg-VMware-Virtual-Platform-9a70c2d4" start="1745895719420" dump="1745895719779"/><sessioninfo id="szyzbg-VMware-Virtual-Platform-2e53993c" start="1745895719954" dump="1745895720274"/><sessioninfo id="szyzbg-VMware-Virtual-Platform-bb8f0193" start="1745895720457" dump="1745895720770"/><sessioninfo id="szyzbg-VMware-Virtual-Platform-35a781bf" start="1745895720921" dump="1745895766881"/><sessioninfo id="szyzbg-VMware-Virtual-Platform-6489b29f" start="1745895894412" dump="1745895899731"/><sessioninfo id="szyzbg-VMware-Virtual-Platform-aeae008a" start="1745895899986" dump="1745895900659"/><sessioninfo id="szyzbg-VMware-Virtual-Platform-7f3907ae" start="1745895900806" dump="1745895912516"/><sessioninfo id="szyzbg-VMware-Virtual-Platform-3338b55e" start="1745895912801" dump="1745895916860"/><sessioninfo id="szyzbg-VMware-Virtual-Platform-ae8c7cb" start="1745895917087" dump="1745895921120"/><sessioninfo id="szyzbg-VMware-Virtual-Platform-7c47562c" start="1745895921346" dump="1745895921661"/><sessioninfo id="szyzbg-VMware-Virtual-Platform-61927ce7" start="1745895921821" dump="1745895922139"/><sessioninfo id="szyzbg-VMware-Virtual-Platform-4babbb4d" start="1745895922299" dump="1745895922675"/><sessioninfo id="szyzbg-VMware-Virtual-Platform-7be4ffb0" start="1745895922841" dump="1745895923208"/><sessioninfo id="szyzbg-VMware-Virtual-Platform-f8202e01" start="1745895923361" dump="1745895923683"/><sessioninfo id="szyzbg-VMware-Virtual-Platform-30d9eff3" start="1745895923833" dump="1745895924129"/><sessioninfo id="szyzbg-VMware-Virtual-Platform-fa98fe6" start="1745895924298" dump="1745895968601"/></report>